Arguments: 
  C:\Program Files\nodejs\node.exe C:\Users\radud1\AppData\Roaming\npm\node_modules\yarn\bin\yarn.js install

PATH: 
  C:\Program Files\ImageMagick-7.0.8-Q16;c:\Users\radud1\AppData\Local\Programs\Python\Python38-32\;c:\Users\radud1\AppData\Local\Programs\Python\Python38-32\Scripts\;C:\Windows\system32;C:\Windows;C:\Windows\System32\Wbem;C:\Windows\System32\WindowsPowerShell\v1.0\;C:\Windows\System32\OpenSSH\;C:\ProgramData\chocolatey\bin;C:\gradle-6.2.2\bin\;c:\apache-maven-3.6.3\bin\;c:\Program Files\Java\jdk-11.0.4\bin\;c:\Workspace\H19\hybris\bin\platform\apache-ant\bin\;C:\Users\radud1\AppData\Roaming\nvm;C:\Program Files\nodejs;c:\Program Files\MySQL\MySQL Server 8.0\bin\;C:\Program Files\Docker\Docker\resources\bin;C:\ProgramData\DockerDesktop\version-bin;;C:\Program Files (x86)\NVIDIA Corporation\PhysX\Common;C:\Program Files\PuTTY\;C:\Program Files\MySQL\MySQL Shell 8.0\bin\;C:\Users\radud1\AppData\Local\Microsoft\WindowsApps;C:\Users\radud1\AppData\Local\Programs\Git\cmd;C:\Users\radud1\AppData\Roaming\npm;C:\Program Files (x86)\Notepad++;C:\Users\radud1\AppData\Local\Programs\Microsoft VS Code\bin

Yarn version: 
  1.22.0

Node version: 
  10.20.1

Platform: 
  win32 x64

Trace: 
  Error: unable to get local issuer certificate
      at TLSSocket.onConnectSecure (_tls_wrap.js:1088:34)
      at TLSSocket.emit (events.js:198:13)
      at TLSSocket._finishInit (_tls_wrap.js:666:8)

npm manifest: 
  {
    "main": "node_modules/expo/AppEntry.js",
    "scripts": {
      "start": "expo start",
      "android": "expo start --android",
      "ios": "expo start --ios",
      "web": "expo start --web",
      "eject": "expo eject"
    },
    "dependencies": {
      "expo": "~38.0.8",
      "expo-status-bar": "^1.0.2",
      "react": "~16.11.0",
      "react-dom": "~16.11.0",
      "react-native": "https://github.com/expo/react-native/archive/sdk-38.0.2.tar.gz",
      "react-native-web": "~0.11.7"
    },
    "devDependencies": {
      "@babel/core": "^7.8.6",
      "babel-preset-expo": "~8.1.0"
    },
    "private": true
  }

yarn manifest: 
  No manifest

Lockfile: 
  No lockfile
